<?xml version="1.0" encoding="UTF-8"?>
<testsuite xmlns:xsi="http://www.w3.org/2001/XMLSchema-instance" xsi:schemaLocation="https://maven.apache.org/surefire/maven-surefire-plugin/xsd/surefire-test-report.xsd" name="TestSuite" time="130.342" tests="18" errors="0" skipped="0" failures="10">
  <properties>
    <property name="java.runtime.name" value="Java(TM) SE Runtime Environment"/>
    <property name="sun.boot.library.path" value="C:\Program Files\Java\jdk1.8.0_25\jre\bin"/>
    <property name="java.vm.version" value="25.25-b02"/>
    <property name="java.vm.vendor" value="Oracle Corporation"/>
    <property name="java.vendor.url" value="http://java.oracle.com/"/>
    <property name="path.separator" value=";"/>
    <property name="guice.disable.misplaced.annotation.check" value="true"/>
    <property name="java.vm.name" value="Java HotSpot(TM) 64-Bit Server VM"/>
    <property name="file.encoding.pkg" value="sun.io"/>
    <property name="user.script" value=""/>
    <property name="user.country" value="IN"/>
    <property name="sun.java.launcher" value="SUN_STANDARD"/>
    <property name="sun.os.patch.level" value=""/>
    <property name="java.vm.specification.name" value="Java Virtual Machine Specification"/>
    <property name="user.dir" value="D:\Selenium\Selenium data\Workspace\JenkinsProj"/>
    <property name="java.runtime.version" value="1.8.0_25-b18"/>
    <property name="java.awt.graphicsenv" value="sun.awt.Win32GraphicsEnvironment"/>
    <property name="java.endorsed.dirs" value="C:\Program Files\Java\jdk1.8.0_25\jre\lib\endorsed"/>
    <property name="os.arch" value="amd64"/>
    <property name="java.io.tmpdir" value="C:\Users\KRISHN~1\AppData\Local\Temp\"/>
    <property name="line.separator" value="&#10;"/>
    <property name="java.vm.specification.vendor" value="Oracle Corporation"/>
    <property name="user.variant" value=""/>
    <property name="os.name" value="Windows 8.1"/>
    <property name="classworlds.conf" value="D:\Selenium\Selenium data\Workspace\.metadata\.plugins\org.eclipse.m2e.launching\launches\m2conf5512363581934665439.tmp"/>
    <property name="sun.jnu.encoding" value="Cp1252"/>
    <property name="java.library.path" value="C:\Program Files\Java\jdk1.8.0_25\bin;C:\Windows\Sun\Java\bin;C:\Windows\system32;C:\Windows;C:/Program Files/Java/jre1.8.0_25/bin/server;C:/Program Files/Java/jre1.8.0_25/bin;C:/Program Files/Java/jre1.8.0_25/lib/amd64;C:\ProgramData\Oracle\Java\javapath;C:\Program Files (x86)\Intel\iCLS Client\;C:\Program Files\Intel\iCLS Client\;C:\Windows\system32;C:\Windows;C:\Windows\System32\Wbem;C:\Windows\System32\WindowsPowerShell\v1.0\;C:\Program Files\Intel\Intel(R) Management Engine Components\DAL;C:\Program Files\Intel\Intel(R) Management Engine Components\IPT;C:\Program Files (x86)\Intel\Intel(R) Management Engine Components\DAL;C:\Program Files (x86)\Intel\Intel(R) Management Engine Components\IPT;C:\Program Files\Microsoft SQL Server\110\Tools\Binn\;C:\Program Files (x86)\Microsoft SQL Server\110\Tools\Binn\;C:\Program Files\Microsoft SQL Server\110\DTS\Binn\;C:\Program Files (x86)\Microsoft SQL Server\110\Tools\Binn\ManagementStudio\;C:\Program Files (x86)\Microsoft Visual Studio 10.0\Common7\IDE\PrivateAssemblies\;C:\Program Files (x86)\Microsoft SQL Server\110\DTS\Binn\;C:\Program Files (x86)\Microsoft ASP.NET\ASP.NET Web Pages\v1.0\;C:\Program Files\SafeNet\Authentication\SAC\x32;C:\Program Files\SafeNet\Authentication\SAC\x64;C:\Program Files (x86)\Common Files\lenovo\easyplussdk\bin;D:\Selenium\Selinium Software\Appium Android\android-sdk_r24.0.2-windows\android-sdk-windows\platforms-tools;D:\Selenium\Selinium Software\Appium Android\android-sdk_r24.0.2-windows\android-sdk-windows\tools;C:\Program Files (x86)\Skype\Phone\;D:\Selenium\Selinium Software\soft\eclipse-jee-luna-SR2-win32-x86_64\eclipse;;."/>
    <property name="java.specification.name" value="Java Platform API Specification"/>
    <property name="java.class.version" value="52.0"/>
    <property name="sun.management.compiler" value="HotSpot 64-Bit Tiered Compilers"/>
    <property name="os.version" value="6.3"/>
    <property name="user.home" value="C:\Users\Krishna Mobile"/>
    <property name="user.timezone" value="Asia/Calcutta"/>
    <property name="java.awt.printerjob" value="sun.awt.windows.WPrinterJob"/>
    <property name="java.specification.version" value="1.8"/>
    <property name="file.encoding" value="Cp1252"/>
    <property name="user.name" value="Krishna Mobile"/>
    <property name="java.class.path" value="/D:/Selenium/Selinium Software/soft/eclipse-jee-luna-SR2-win32-x86_64/eclipse/plugins/org.eclipse.m2e.maven.runtime_1.5.1.20150109-1819/jars/plexus-classworlds-2.5.1.jar"/>
    <property name="org.slf4j.simpleLogger.defaultLogLevel" value="info"/>
    <property name="java.vm.specification.version" value="1.8"/>
    <property name="sun.arch.data.model" value="64"/>
    <property name="java.home" value="C:\Program Files\Java\jdk1.8.0_25\jre"/>
    <property name="sun.java.command" value="org.codehaus.plexus.classworlds.launcher.Launcher -B test"/>
    <property name="java.specification.vendor" value="Oracle Corporation"/>
    <property name="user.language" value="en"/>
    <property name="awt.toolkit" value="sun.awt.windows.WToolkit"/>
    <property name="java.vm.info" value="mixed mode"/>
    <property name="java.version" value="1.8.0_25"/>
    <property name="java.ext.dirs" value="C:\Program Files\Java\jdk1.8.0_25\jre\lib\ext;C:\Windows\Sun\Java\lib\ext"/>
    <property name="sun.boot.class.path" value="C:\Program Files\Java\jdk1.8.0_25\jre\lib\resources.jar;C:\Program Files\Java\jdk1.8.0_25\jre\lib\rt.jar;C:\Program Files\Java\jdk1.8.0_25\jre\lib\sunrsasign.jar;C:\Program Files\Java\jdk1.8.0_25\jre\lib\jsse.jar;C:\Program Files\Java\jdk1.8.0_25\jre\lib\jce.jar;C:\Program Files\Java\jdk1.8.0_25\jre\lib\charsets.jar;C:\Program Files\Java\jdk1.8.0_25\jre\lib\jfr.jar;C:\Program Files\Java\jdk1.8.0_25\jre\classes"/>
    <property name="java.vendor" value="Oracle Corporation"/>
    <property name="maven.home" value="D:\Selenium\Selenium data\Workspace\JenkinsProj\EMBEDDED"/>
    <property name="file.separator" value="\"/>
    <property name="java.vendor.url.bug" value="http://bugreport.sun.com/bugreport/"/>
    <property name="sun.cpu.endian" value="little"/>
    <property name="sun.io.unicode.encoding" value="UnicodeLittle"/>
    <property name="sun.desktop" value="windows"/>
    <property name="sun.cpu.isalist" value="amd64"/>
  </properties>
  <testcase name="fBShare" classname="com.pack.test.CompleteShareandSaveTest" time="10.032">
    <failure type="java.lang.NullPointerException">java.lang.NullPointerException
	at com.pack.test.CompleteShareandSaveTest.fBShare(CompleteShareandSaveTest.java:27)
</failure>
    <system-out><![CDATA[Launching Firefox browser with appUrl..
Error.....[Ljava.lang.StackTraceElement;@6b9651f3
Starting Sharing with FB Service...
]]></system-out>
  </testcase>
  <testcase name="fBShare" classname="com.pack.test.CompleteShareandSaveTest" time="10.007">
    <failure type="java.lang.NullPointerException">java.lang.NullPointerException
	at com.pack.test.CompleteShareandSaveTest.fBShare(CompleteShareandSaveTest.java:27)
</failure>
    <system-out><![CDATA[Launching google chrome..
Error.....[Ljava.lang.StackTraceElement;@4dbb42b7
Starting Sharing with FB Service...
]]></system-out>
    <system-err><![CDATA[Starting ChromeDriver 2.31.488763 (092de99f48a300323ecf8c2a4e2e7cab51de5ba8) on port 15491
Only local connections are allowed.
]]></system-err>
  </testcase>
  <testcase name="fBThankYouMsg" classname="com.pack.test.CompleteShareandSaveTest" time="0.001"/>
  <testcase name="fBThankYouMsg" classname="com.pack.test.CompleteShareandSaveTest" time="0"/>
  <testcase name="twitterShare" classname="com.pack.test.CompleteShareandSaveTest" time="5.01">
    <failure type="java.lang.NullPointerException">java.lang.NullPointerException
	at com.pack.test.CompleteShareandSaveTest.twitterShare(CompleteShareandSaveTest.java:45)
</failure>
    <system-out><![CDATA[Starting Sharing with Twitter Service...
]]></system-out>
  </testcase>
  <testcase name="twitterShare" classname="com.pack.test.CompleteShareandSaveTest" time="5.008">
    <failure type="java.lang.NullPointerException">java.lang.NullPointerException
	at com.pack.test.CompleteShareandSaveTest.twitterShare(CompleteShareandSaveTest.java:45)
</failure>
    <system-out><![CDATA[Starting Sharing with Twitter Service...
]]></system-out>
  </testcase>
  <testcase name="tweetThankYouMsg" classname="com.pack.test.CompleteShareandSaveTest" time="0.003"/>
  <testcase name="tweetThankYouMsg" classname="com.pack.test.CompleteShareandSaveTest" time="0.009"/>
  <testcase name="pinShare" classname="com.pack.test.CompleteShareandSaveTest" time="6.001">
    <failure type="java.lang.NullPointerException">java.lang.NullPointerException
	at com.pack.test.CompleteShareandSaveTest.pinShare(CompleteShareandSaveTest.java:62)
</failure>
    <system-out><![CDATA[Starting Sharing with Pinterest Service...
]]></system-out>
  </testcase>
  <testcase name="pinShare" classname="com.pack.test.CompleteShareandSaveTest" time="6.001">
    <failure type="java.lang.NullPointerException">java.lang.NullPointerException
	at com.pack.test.CompleteShareandSaveTest.pinShare(CompleteShareandSaveTest.java:62)
</failure>
    <system-out><![CDATA[Starting Sharing with Pinterest Service...
]]></system-out>
  </testcase>
  <testcase name="pinThankYouMsg" classname="com.pack.test.CompleteShareandSaveTest" time="0.001"/>
  <testcase name="pinThankYouMsg" classname="com.pack.test.CompleteShareandSaveTest" time="0"/>
  <testcase name="emailShare" classname="com.pack.test.CompleteShareandSaveTest" time="6.007">
    <failure type="java.lang.NullPointerException">java.lang.NullPointerException
	at com.pack.test.CompleteShareandSaveTest.emailShare(CompleteShareandSaveTest.java:79)
</failure>
    <system-out><![CDATA[Starting Sharing with Email Service...
]]></system-out>
  </testcase>
  <testcase name="emailShare" classname="com.pack.test.CompleteShareandSaveTest" time="6.001">
    <failure type="java.lang.NullPointerException">java.lang.NullPointerException
	at com.pack.test.CompleteShareandSaveTest.emailShare(CompleteShareandSaveTest.java:79)
</failure>
    <system-out><![CDATA[Starting Sharing with Email Service...
]]></system-out>
  </testcase>
  <testcase name="emailThankYouMsg" classname="com.pack.test.CompleteShareandSaveTest" time="0.008"/>
  <testcase name="emailThankYouMsg" classname="com.pack.test.CompleteShareandSaveTest" time="0"/>
  <testcase name="tearDown" classname="com.pack.test.CompleteShareandSaveTest" time="0.01">
    <failure type="java.lang.NullPointerException">java.lang.NullPointerException
</failure>
  </testcase>
  <testcase name="tearDown" classname="com.pack.test.CompleteShareandSaveTest" time="0.001">
    <failure type="java.lang.NullPointerException">java.lang.NullPointerException
</failure>
  </testcase>
</testsuite>