<?xml version="1.0" encoding="UTF-8"?>
<!-- Generated by org.testng.reporters.JUnitReportReporter -->
<testsuite skipped="0" hostname="PANKAJ" name="com.pack.test.TestNG" tests="1" failures="0" timestamp="10 Sep 2017 12:11:00 GMT" time="0.027" errors="0">
  <testcase name="f" time="0.027" classname="com.pack.test.TestNG"/>
</testsuite> <!-- com.pack.test.TestNG -->
